(index):103 waiting at 0.00s
(index):103 canplay at 0.00s
(index):103 playing at 0.00s
(index):103 waiting at 0.24s
(index):103 canplay at 0.31s
(index):103 playing at 0.31s
(index):103 waiting at 0.81s
favicon.ico:1  GET http://localhost:8123/favicon.ico 404 (Not Found)
(index):103 canplay at 0.86s
(index):103 playing at 0.86s
(index):103 waiting at 2.13s
(index):103 canplay at 2.18s
(index):103 playing at 2.18s
(index):103 waiting at 3.96s
(index):103 canplay at 4.02s
(index):103 playing at 4.02s
(index):103 waiting at 7.91s
(index):103 canplay at 7.96s
(index):103 playing at 7.96s
(index):103 waiting at 11.37s
(index):103 canplay at 11.42s
(index):103 playing at 11.42s
(index):103 waiting at 14.52s
(index):103 canplay at 14.58s
(index):103 playing at 14.58s
(index):103 waiting at 18.04s
(index):103 canplay at 18.10s
(index):103 playing at 18.10s
(index):103 waiting at 21.75s
(index):103 canplay at 21.81s
(index):103 playing at 21.81s
(index):103 waiting at 25.72s
(index):103 canplay at 25.78s
(index):103 playing at 25.78s
(index):103 waiting at 29.61s
(index):103 canplay at 29.66s
(index):103 playing at 29.66s
(index):103 waiting at 33.32s
(index):103 canplay at 33.37s
(index):103 playing at 33.37s
(index):103 waiting at 37.61s
(index):103 canplay at 37.66s
(index):103 playing at 37.66s
(index):103 waiting at 41.23s
(index):103 canplay at 41.29s
(index):103 playing at 41.29s
(index):103 waiting at 46.20s
(index):103 canplay at 46.26s
(index):103 playing at 46.26s
(index):103 waiting at 50.11s
(index):103 canplay at 50.16s
(index):103 playing at 50.16s
(index):103 waiting at 53.61s
(index):103 canplay at 53.66s
(index):103 playing at 53.66s
(index):103 waiting at 58.41s
(index):103 canplay at 58.46s
(index):103 playing at 58.46s
(index):103 waiting at 62.03s
(index):103 canplay at 62.09s
(index):103 playing at 62.09s
(index):103 waiting at 66.00s
(index):103 canplay at 66.06s
(index):103 playing at 66.06s
(index):103 waiting at 69.95s
(index):103 canplay at 70.00s
(index):103 playing at 70.00s
(index):103 waiting at 73.64s
(index):103 canplay at 73.69s
(index):103 playing at 73.69s
(index):103 waiting at 78.52s
(index):103 canplay at 78.58s
(index):103 playing at 78.58s
(index):103 waiting at 82.88s
(index):103 canplay at 82.93s
(index):103 playing at 82.93s
(index):103 waiting at 87.12s
(index):103 canplay at 87.18s
(index):103 playing at 87.18s
(index):103 waiting at 90.87s
(index):103 canplay at 90.93s
(index):103 playing at 90.93s
(index):103 waiting at 95.04s
(index):103 canplay at 95.09s
(index):103 playing at 95.09s
(index):103 waiting at 100.09s
(index):103 canplay at 100.15s
(index):103 playing at 100.15s
(index):103 waiting at 104.27s
(index):103 canplay at 104.33s
(index):103 playing at 104.33s
(index):103 waiting at 109.56s
(index):103 canplay at 109.62s
(index):103 playing at 109.62s
(index):103 waiting at 113.68s
(index):103 canplay at 113.74s
(index):103 playing at 113.74s
(index):103 waiting at 117.43s
(index):103 canplay at 117.49s
(index):103 playing at 117.49s
(index):103 waiting at 121.08s
(index):103 canplay at 121.14s
(index):103 playing at 121.14s
(index):103 waiting at 124.71s
(index):103 canplay at 124.76s
(index):103 playing at 124.77s
(index):103 waiting at 128.27s
(index):103 canplay at 128.33s
(index):103 playing at 128.33s
(index):103 waiting at 132.00s
(index):103 canplay at 132.06s
(index):103 playing at 132.06s
(index):103 waiting at 135.76s
(index):103 canplay at 135.82s
(index):103 playing at 135.82s
(index):103 waiting at 139.92s
(index):103 canplay at 139.97s
(index):103 playing at 139.98s
(index):103 waiting at 144.51s
(index):103 canplay at 144.56s
(index):103 playing at 144.56s
(index):103 waiting at 149.16s
(index):103 canplay at 149.21s
(index):103 playing at 149.21s
(index):103 waiting at 153.13s
(index):103 canplay at 153.18s
(index):103 playing at 153.18s
(index):103 waiting at 157.07s
(index):103 canplay at 157.13s
(index):103 playing at 157.13s
(index):103 waiting at 161.04s
(index):103 canplay at 161.09s
(index):103 playing at 161.09s
(index):103 waiting at 164.79s
(index):103 canplay at 164.85s
(index):103 playing at 164.85s
(index):103 waiting at 168.91s
(index):103 canplay at 168.97s
(index):103 playing at 168.97s
(index):103 waiting at 172.69s
(index):103 canplay at 172.74s
(index):103 playing at 172.74s
(index):103 waiting at 176.36s
(index):103 canplay at 176.41s
(index):103 playing at 176.41s
(index):103 waiting at 180.33s
(index):103 canplay at 180.38s
(index):103 playing at 180.38s
(index):103 waiting at 183.97s
(index):103 canplay at 184.03s
(index):103 playing at 184.03s
(index):103 waiting at 189.07s
(index):103 canplay at 189.13s
(index):103 playing at 189.13s
(index):103 waiting at 194.00s
(index):103 canplay at 194.06s
(index):103 playing at 194.06s
(index):103 waiting at 198.84s
(index):103 canplay at 198.90s
(index):103 playing at 198.90s
(index):103 waiting at 203.28s
(index):103 canplay at 203.34s
(index):103 playing at 203.34s
(index):103 waiting at 208.19s
(index):103 canplay at 208.24s
(index):103 playing at 208.24s
(index):103 canplaythrough at 208.24s
(index):103 pause at 213.05s
