(index):104 canplay at 0.00s
(index):104 canplaythrough at 0.00s
(index):104 canplaythrough at 0.00s
(index):104 playing at 0.00s
favicon.ico:1  GET http://localhost:8123/favicon.ico 404 (Not Found)
(index):104 waiting at 13.20s
(index):104 canplay at 13.26s
(index):104 playing at 13.26s
(index):104 waiting at 13.85s
(index):104 canplay at 13.89s
(index):104 playing at 13.89s
(index):104 waiting at 15.49s
(index):104 canplay at 15.54s
(index):104 playing at 15.54s
(index):104 waiting at 17.80s
(index):104 canplay at 17.84s
(index):104 playing at 17.84s
(index):104 waiting at 27.72s
(index):104 canplay at 27.76s
(index):104 playing at 27.76s
(index):104 waiting at 39.60s
(index):104 canplay at 39.64s
(index):104 playing at 39.64s
(index):104 waiting at 54.13s
(index):104 canplay at 54.17s
(index):104 playing at 54.17s
(index):104 waiting at 76.57s
(index):104 canplay at 76.61s
(index):104 playing at 76.61s
(index):104 waiting at 93.68s
(index):104 canplay at 93.72s
(index):104 playing at 93.72s
(index):104 waiting at 116.17s
(index):104 canplay at 116.21s
(index):104 playing at 116.21s
(index):104 waiting at 124.04s
(index):104 canplay at 124.08s
(index):104 playing at 124.08s
(index):104 waiting at 135.96s
(index):104 canplay at 136.01s
(index):104 playing at 136.01s
(index):104 waiting at 163.70s
(index):104 canplay at 163.74s
(index):104 playing at 163.74s
(index):104 canplaythrough at 163.74s
(index):104 waiting at 174.90s
(index):104 canplay at 174.94s
(index):104 playing at 174.94s
(index):104 canplaythrough at 174.94s
(index):104 pause at 213.05s
