(index):103 canplay at 0.00s
(index):103 canplaythrough at 0.00s
(index):103 waiting at 0.00s
(index):103 canplay at 0.00s
(index):103 playing at 0.00s
(index):103 waiting at 0.24s
(index):103 canplay at 0.30s
(index):103 playing at 0.30s
favicon.ico:1  GET http://localhost:8123/favicon.ico 404 (Not Found)
(index):103 waiting at 1.04s
(index):103 canplay at 1.09s
(index):103 playing at 1.09s
(index):103 waiting at 2.13s
(index):103 canplay at 2.18s
(index):103 playing at 2.18s
(index):103 waiting at 4.28s
(index):103 canplay at 4.34s
(index):103 playing at 4.34s
(index):103 waiting at 8.10s
(index):103 canplay at 8.15s
(index):103 playing at 8.15s
(index):103 waiting at 12.43s
(index):103 canplay at 12.49s
(index):103 playing at 12.49s
(index):103 waiting at 16.76s
(index):103 canplay at 16.82s
(index):103 playing at 16.82s
(index):103 waiting at 21.35s
(index):103 canplay at 21.40s
(index):103 playing at 21.40s
(index):103 waiting at 25.98s
(index):103 canplay at 26.03s
(index):103 playing at 26.03s
(index):103 waiting at 30.29s
(index):103 canplay at 30.34s
(index):103 playing at 30.34s
(index):103 waiting at 34.62s
(index):103 canplay at 34.67s
(index):103 playing at 34.67s
(index):103 waiting at 38.41s
(index):103 canplay at 38.47s
(index):103 playing at 38.47s
(index):103 waiting at 43.30s
(index):103 canplay at 43.35s
(index):103 playing at 43.35s
(index):103 waiting at 47.10s
(index):103 canplay at 47.15s
(index):103 playing at 47.15s
(index):103 waiting at 50.87s
(index):103 canplay at 50.93s
(index):103 playing at 50.93s
(index):103 waiting at 54.67s
(index):103 canplay at 54.73s
(index):103 playing at 54.73s
(index):103 waiting at 58.47s
(index):103 canplay at 58.52s
(index):103 playing at 58.52s
(index):103 waiting at 62.26s
(index):103 canplay at 62.32s
(index):103 playing at 62.32s
(index):103 waiting at 66.06s
(index):103 canplay at 66.12s
(index):103 playing at 66.12s
(index):103 waiting at 69.84s
(index):103 canplay at 69.89s
(index):103 playing at 69.89s
(index):103 waiting at 73.64s
(index):103 canplay at 73.69s
(index):103 playing at 73.69s
(index):103 waiting at 77.22s
(index):103 canplay at 77.27s
(index):103 playing at 77.27s
(index):103 waiting at 80.72s
(index):103 canplay at 80.79s
(index):103 playing at 80.79s
(index):103 waiting at 81.23s
(index):103 canplay at 81.29s
(index):103 playing at 81.29s
(index):103 waiting at 84.73s
(index):103 canplay at 84.78s
(index):103 playing at 84.78s
(index):103 waiting at 89.08s
(index):103 canplay at 89.14s
(index):103 playing at 89.14s
(index):103 waiting at 93.11s
(index):103 canplay at 93.17s
(index):103 playing at 93.17s
(index):103 waiting at 96.93s
(index):103 canplay at 96.99s
(index):103 playing at 96.99s
(index):103 waiting at 101.52s
(index):103 canplay at 101.57s
(index):103 playing at 101.57s
(index):103 waiting at 106.13s
(index):103 canplay at 106.18s
(index):103 playing at 106.18s
(index):103 waiting at 109.52s
(index):103 canplay at 109.57s
(index):103 playing at 109.57s
(index):103 waiting at 112.63s
(index):103 canplay at 112.69s
(index):103 playing at 112.69s
(index):103 waiting at 125.66s
(index):103 canplay at 125.70s
(index):103 playing at 125.70s
(index):103 waiting at 132.42s
(index):103 canplay at 132.46s
(index):103 playing at 132.46s
(index):103 waiting at 136.48s
(index):103 canplay at 136.52s
(index):103 playing at 136.52s
(index):103 canplaythrough at 146.33s
(index):103 waiting at 160.32s
(index):103 canplay at 160.37s
(index):103 playing at 160.37s
(index):103 waiting at 164.66s
(index):103 canplay at 164.70s
(index):103 playing at 164.70s
(index):103 waiting at 167.91s
(index):103 canplay at 167.96s
(index):103 playing at 167.96s
(index):103 waiting at 169.24s
(index):103 canplay at 169.28s
(index):103 playing at 169.28s
(index):103 waiting at 174.38s
(index):103 canplay at 174.43s
(index):103 playing at 174.43s
(index):103 waiting at 178.74s
(index):103 canplay at 178.78s
(index):103 playing at 178.78s
(index):103 waiting at 182.50s
(index):103 canplay at 182.55s
(index):103 playing at 182.55s
(index):103 waiting at 186.57s
(index):103 canplay at 186.63s
(index):103 playing at 186.63s
(index):103 waiting at 198.76s
(index):103 canplay at 198.81s
(index):103 playing at 198.81s
(index):103 waiting at 202.53s
(index):103 canplay at 202.59s
(index):103 playing at 202.59s
(index):103 waiting at 206.86s
(index):103 canplay at 206.92s
(index):103 playing at 206.92s
(index):103 waiting at 210.40s
(index):103 canplay at 210.46s
(index):103 playing at 210.46s
(index):103 waiting at 213.92s
(index):103 canplay at 213.98s
(index):103 playing at 213.98s
(index):103 canplaythrough at 213.98s
(index):103 pause at 239.98s
