(index):104 canplay at 0.00s
(index):104 canplaythrough at 0.00s
(index):104 waiting at 0.00s
(index):104 canplay at 0.00s
(index):104 playing at 0.00s
(index):104 canplaythrough at 0.00s
favicon.ico:1  GET http://localhost:8123/favicon.ico 404 (Not Found)
(index):104 waiting at 3.12s
(index):104 canplay at 3.18s
(index):104 playing at 3.18s
(index):104 canplaythrough at 3.18s
(index):104 waiting at 6.36s
(index):104 canplay at 6.42s
(index):104 playing at 6.42s
(index):104 canplaythrough at 6.42s
(index):104 waiting at 54.99s
(index):104 canplay at 55.06s
(index):104 playing at 55.06s
(index):104 canplaythrough at 55.06s
(index):104 pause at 239.98s
