(index):104 canplay at 0.00s
(index):104 canplaythrough at 0.00s
(index):104 waiting at 0.00s
(index):104 canplay at 0.00s
(index):104 playing at 0.00s
(index):104 canplaythrough at 0.00s
favicon.ico:1  GET http://localhost:8123/favicon.ico 404 (Not Found)
(index):104 waiting at 3.14s
(index):104 canplay at 3.20s
(index):104 playing at 3.20s
(index):104 canplaythrough at 3.20s
(index):104 waiting at 6.68s
(index):104 canplay at 6.74s
(index):104 playing at 6.74s
(index):104 canplaythrough at 6.74s
(index):104 waiting at 10.29s
(index):104 canplay at 10.35s
(index):104 playing at 10.35s
(index):104 canplaythrough at 10.35s
(index):104 waiting at 14.09s
(index):104 canplay at 14.14s
(index):104 playing at 14.14s
(index):104 canplaythrough at 14.14s
(index):104 waiting at 18.01s
(index):104 canplay at 18.07s
(index):104 playing at 18.07s
(index):104 canplaythrough at 18.07s
(index):104 waiting at 22.15s
(index):104 canplay at 22.23s
(index):104 playing at 22.23s
(index):104 canplaythrough at 22.23s
(index):104 waiting at 26.01s
(index):104 canplay at 26.07s
(index):104 playing at 26.07s
(index):104 canplaythrough at 26.07s
(index):104 waiting at 29.91s
(index):104 canplay at 29.97s
(index):104 playing at 29.97s
(index):104 canplaythrough at 29.97s
(index):104 waiting at 33.86s
(index):104 canplay at 33.92s
(index):104 playing at 33.92s
(index):104 canplaythrough at 33.92s
(index):104 waiting at 37.72s
(index):104 canplay at 37.78s
(index):104 playing at 37.78s
(index):104 canplaythrough at 37.78s
(index):104 waiting at 41.16s
(index):104 canplay at 41.22s
(index):104 playing at 41.22s
(index):104 canplaythrough at 41.22s
(index):104 waiting at 44.96s
(index):104 canplay at 45.03s
(index):104 playing at 45.03s
(index):104 canplaythrough at 45.03s
(index):104 waiting at 49.02s
(index):104 canplay at 49.09s
(index):104 playing at 49.09s
(index):104 canplaythrough at 49.09s
(index):104 waiting at 52.82s
(index):104 canplay at 52.89s
(index):104 playing at 52.89s
(index):104 canplaythrough at 52.89s
(index):104 waiting at 56.40s
(index):104 canplay at 56.47s
(index):104 playing at 56.47s
(index):104 canplaythrough at 56.47s
(index):104 waiting at 60.32s
(index):104 canplay at 60.39s
(index):104 playing at 60.40s
(index):104 canplaythrough at 60.40s
(index):104 waiting at 63.91s
(index):104 canplay at 63.98s
(index):104 playing at 63.98s
(index):104 canplaythrough at 63.98s
(index):104 waiting at 67.98s
(index):104 canplay at 68.05s
(index):104 playing at 68.05s
(index):104 canplaythrough at 68.05s
(index):104 waiting at 71.77s
(index):104 canplay at 71.85s
(index):104 playing at 71.85s
(index):104 canplaythrough at 71.85s
(index):104 waiting at 75.61s
(index):104 canplay at 75.67s
(index):104 playing at 75.67s
(index):104 canplaythrough at 75.67s
(index):104 waiting at 80.52s
(index):104 canplay at 80.58s
(index):104 playing at 80.58s
(index):104 canplaythrough at 80.58s
(index):104 waiting at 84.50s
(index):104 canplay at 84.57s
(index):104 playing at 84.57s
(index):104 canplaythrough at 84.57s
(index):104 waiting at 88.49s
(index):104 canplay at 88.55s
(index):104 playing at 88.55s
(index):104 canplaythrough at 88.55s
(index):104 waiting at 92.41s
(index):104 canplay at 92.48s
(index):104 playing at 92.48s
(index):104 canplaythrough at 92.48s
(index):104 waiting at 96.16s
(index):104 canplay at 96.23s
(index):104 playing at 96.23s
(index):104 canplaythrough at 96.23s
(index):104 waiting at 100.00s
(index):104 canplay at 100.05s
(index):104 playing at 100.05s
(index):104 canplaythrough at 100.05s
(index):104 waiting at 103.73s
(index):104 canplay at 103.79s
(index):104 playing at 103.79s
(index):104 canplaythrough at 103.79s
(index):104 waiting at 107.79s
(index):104 canplay at 107.86s
(index):104 playing at 107.86s
(index):104 canplaythrough at 107.86s
(index):104 waiting at 111.32s
(index):104 canplay at 111.38s
(index):104 playing at 111.38s
(index):104 canplaythrough at 111.38s
(index):104 waiting at 114.96s
(index):104 canplay at 115.03s
(index):104 playing at 115.03s
(index):104 canplaythrough at 115.03s
(index):104 waiting at 119.15s
(index):104 canplay at 119.21s
(index):104 playing at 119.21s
(index):104 canplaythrough at 119.21s
(index):104 waiting at 122.95s
(index):104 canplay at 123.03s
(index):104 playing at 123.03s
(index):104 canplaythrough at 123.03s
(index):104 waiting at 126.75s
(index):104 canplay at 126.83s
(index):104 playing at 126.83s
(index):104 canplaythrough at 126.83s
(index):104 waiting at 130.40s
(index):104 canplay at 130.47s
(index):104 playing at 130.47s
(index):104 canplaythrough at 130.47s
(index):104 waiting at 137.85s
(index):104 canplay at 137.92s
(index):104 playing at 137.92s
(index):104 canplaythrough at 137.92s
(index):104 waiting at 146.81s
(index):104 canplay at 146.88s
(index):104 playing at 146.88s
(index):104 canplaythrough at 146.88s
(index):104 waiting at 150.86s
(index):104 canplay at 150.93s
(index):104 playing at 150.93s
(index):104 canplaythrough at 150.93s
(index):104 waiting at 155.40s
(index):104 canplay at 155.46s
(index):104 playing at 155.46s
(index):104 canplaythrough at 155.46s
(index):104 waiting at 160.90s
(index):104 canplay at 160.96s
(index):104 playing at 160.96s
(index):104 canplaythrough at 160.96s
(index):104 waiting at 164.94s
(index):104 canplay at 165.01s
(index):104 playing at 165.01s
(index):104 canplaythrough at 165.01s
(index):104 waiting at 168.66s
(index):104 canplay at 168.73s
(index):104 playing at 168.73s
(index):104 canplaythrough at 168.73s
(index):104 waiting at 172.45s
(index):104 canplay at 172.52s
(index):104 playing at 172.52s
(index):104 canplaythrough at 172.52s
(index):104 waiting at 176.32s
(index):104 canplay at 176.38s
(index):104 playing at 176.38s
(index):104 canplaythrough at 176.38s
(index):104 waiting at 180.65s
(index):104 canplay at 180.71s
(index):104 playing at 180.71s
(index):104 canplaythrough at 180.71s
(index):104 waiting at 193.39s
(index):104 canplay at 193.45s
(index):104 playing at 193.45s
(index):104 canplaythrough at 193.45s
(index):104 waiting at 197.70s
(index):104 canplay at 197.76s
(index):104 playing at 197.76s
(index):104 canplaythrough at 197.76s
(index):104 waiting at 208.27s
(index):104 canplay at 208.34s
(index):104 playing at 208.34s
(index):104 canplaythrough at 208.34s
(index):104 pause at 239.98s
