(index):104 canplay at 0.00s
(index):104 canplaythrough at 0.00s
(index):104 canplaythrough at 0.00s
(index):104 waiting at 0.00s
(index):104 canplay at 0.00s
(index):104 playing at 0.00s
(index):104 waiting at 0.50s
favicon.ico:1  GET http://localhost:8123/favicon.ico 404 (Not Found)
(index):104 canplay at 0.56s
(index):104 playing at 0.56s
(index):104 waiting at 1.04s
(index):104 canplay at 1.09s
(index):104 playing at 1.09s
(index):104 waiting at 3.21s
(index):104 canplay at 3.27s
(index):104 playing at 3.27s
(index):104 canplaythrough at 11.20s
(index):104 waiting at 19.45s
(index):104 canplay at 19.50s
(index):104 playing at 19.50s
(index):104 canplaythrough at 19.50s
(index):104 canplaythrough at 37.34s
(index):104 waiting at 62.80s
(index):104 canplay at 62.85s
(index):104 playing at 62.85s
(index):104 canplaythrough at 62.85s
(index):104 waiting at 77.97s
(index):104 canplay at 78.02s
(index):104 playing at 78.02s
(index):104 canplaythrough at 78.02s
(index):104 waiting at 102.07s
(index):104 canplay at 102.13s
(index):104 playing at 102.13s
(index):104 canplaythrough at 102.13s
(index):104 waiting at 113.53s
(index):104 canplay at 113.58s
(index):104 playing at 113.58s
(index):104 canplaythrough at 113.58s
(index):104 pause at 239.98s
