(index):104 canplay at 0.00s
(index):104 canplaythrough at 0.00s
(index):104 waiting at 0.00s
(index):104 pause at 0.00s
(index):1 Uncaught (in promise) AbortError: The play() request was interrupted because video-only background media was paused to save power. https://goo.gl/LdLk22
(index):104 canplay at 0.00s
(index):104 canplaythrough at 0.00s
(index):104 playing at 0.00s
(index):104 waiting at 0.05s
(index):104 canplay at 0.05s
(index):104 playing at 0.05s
(index):104 waiting at 0.26s
(index):104 canplay at 0.26s
(index):104 playing at 0.26s
(index):104 waiting at 0.39s
(index):104 pause at 0.39s
(index):104 waiting at 0.39s
(index):104 canplay at 0.39s
(index):104 playing at 0.39s
(index):104 waiting at 0.53s
(index):104 canplay at 0.53s
(index):104 playing at 0.53s
(index):104 waiting at 0.65s
(index):104 canplay at 0.65s
(index):104 playing at 0.65s
(index):104 waiting at 0.78s
(index):104 canplay at 0.78s
(index):104 playing at 0.78s
(index):104 waiting at 0.92s
(index):104 canplay at 0.92s
(index):104 playing at 0.92s
(index):104 waiting at 1.07s
(index):104 canplay at 1.07s
(index):104 playing at 1.07s
(index):104 waiting at 1.22s
(index):104 canplay at 1.22s
(index):104 playing at 1.22s
(index):104 waiting at 1.36s
(index):104 canplay at 1.36s
(index):104 playing at 1.36s
(index):104 waiting at 1.49s
(index):104 canplay at 1.49s
(index):104 playing at 1.49s
(index):104 waiting at 1.61s
(index):104 canplay at 1.61s
(index):104 playing at 1.61s
(index):104 waiting at 1.75s
(index):104 canplay at 1.75s
(index):104 playing at 1.75s
(index):104 waiting at 1.89s
(index):104 canplay at 1.89s
(index):104 playing at 1.89s
(index):104 waiting at 2.02s
(index):104 pause at 2.02s
(index):104 waiting at 2.02s
(index):104 pause at 2.02s
(index):104 canplay at 2.02s
(index):104 canplaythrough at 2.02s
(index):104 playing at 2.02s
(index):104 pause at 2.02s
(index):104 stalled at 2.02s
(index):104 stalled at 2.02s
(index):104 canplaythrough at 2.02s
(index):104 playing at 2.02s
(index):104 waiting at 2.09s
(index):104 pause at 2.09s
(index):104 stalled at 2.09s
(index):104 canplay at 2.09s
(index):104 stalled at 2.09s
(index):104 stalled at 2.09s
(index):104 canplaythrough at 2.09s
(index):104 playing at 2.09s
(index):104 waiting at 2.14s
(index):104 canplay at 2.14s
(index):104 playing at 2.14s
(index):104 waiting at 2.28s
(index):104 pause at 2.28s
(index):104 canplay at 2.28s
(index):104 canplaythrough at 2.28s
(index):104 playing at 2.28s
(index):104 pause at 2.28s
(index):104 stalled at 2.28s
(index):104 playing at 2.28s
(index):104 waiting at 2.43s
(index):104 canplay at 2.43s
(index):104 playing at 2.43s
(index):104 waiting at 2.55s
(index):104 canplay at 2.55s
(index):104 playing at 2.55s
(index):104 pause at 2.55s
(index):104 stalled at 2.55s
(index):104 canplaythrough at 2.55s
(index):104 playing at 2.56s
(index):104 waiting at 2.69s
(index):104 canplay at 2.69s
(index):104 playing at 2.70s
(index):104 waiting at 2.82s
(index):104 pause at 2.82s
(index):104 stalled at 2.82s
(index):104 canplay at 2.82s
(index):104 playing at 2.82s
(index):104 waiting at 2.98s
(index):104 pause at 2.98s
(index):104 waiting at 2.98s
(index):104 stalled at 2.98s
(index):104 canplay at 2.98s
(index):104 playing at 2.98s
(index):104 waiting at 3.08s
(index):104 pause at 3.08s
(index):104 waiting at 3.08s
(index):104 stalled at 3.08s
(index):104 pause at 3.08s
(index):104 waiting at 3.08s
(index):104 pause at 3.08s
(index):104 stalled at 3.08s
(index):104 stalled at 3.08s
(index):104 waiting at 3.08s
(index):104 pause at 3.08s
(index):104 stalled at 3.08s
(index):104 waiting at 3.08s
(index):104 pause at 3.08s
(index):104 stalled at 3.08s
(index):104 stalled at 3.08s
(index):104 waiting at 3.08s
(index):104 pause at 3.08s
(index):104 stalled at 3.08s
(index):104 waiting at 3.08s
(index):104 pause at 3.08s
(index):104 waiting at 3.08s
(index):104 pause at 3.08s
(index):104 stalled at 3.08s
(index):104 stalled at 3.08s
(index):104 waiting at 3.08s
(index):104 pause at 3.08s
(index):104 canplay at 3.08s
(index):104 stalled at 3.08s
(index):104 stalled at 3.08s
(index):104 canplaythrough at 3.08s
(index):104 playing at 3.08s
(index):104 pause at 3.08s
(index):104 stalled at 3.08s
(index):104 playing at 3.09s
(index):104 waiting at 3.24s
(index):104 canplay at 3.24s
(index):104 playing at 3.24s
(index):104 waiting at 3.32s
(index):104 pause at 3.32s
(index):104 stalled at 3.32s
(index):104 canplay at 3.32s
(index):104 playing at 3.32s
(index):104 waiting at 3.38s
(index):104 canplay at 3.39s
(index):104 playing at 3.39s
(index):104 waiting at 3.51s
(index):104 canplay at 3.51s
(index):104 playing at 3.51s
(index):104 waiting at 3.63s
(index):104 pause at 3.63s
(index):104 waiting at 3.63s
(index):104 pause at 3.63s
(index):104 canplay at 3.63s
(index):104 playing at 3.63s
(index):104 waiting at 3.81s
(index):104 pause at 3.81s
(index):104 stalled at 3.81s
(index):104 canplay at 3.81s
(index):104 playing at 3.81s
(index):104 waiting at 3.91s
(index):104 pause at 3.91s
(index):104 stalled at 3.91s
(index):104 waiting at 3.91s
(index):104 pause at 3.91s
(index):104 canplay at 3.91s
(index):104 canplaythrough at 3.91s
(index):104 playing at 3.91s
(index):104 pause at 3.91s
(index):104 stalled at 3.91s
(index):104 playing at 3.91s
(index):104 pause at 3.91s
(index):104 playing at 3.91s
(index):104 pause at 3.91s
(index):104 stalled at 3.91s
(index):104 stalled at 3.91s
(index):104 playing at 3.91s
(index):104 stalled at 3.91s
(index):104 pause at 3.91s
(index):104 stalled at 3.91s
(index):104 stalled at 3.91s
(index):104 playing at 3.91s
(index):104 stalled at 3.91s
(index):104 stalled at 3.91s
(index):104 pause at 3.91s
(index):104 stalled at 3.91s
(index):104 playing at 3.91s
(index):104 pause at 3.91s
(index):104 stalled at 3.91s
(index):104 stalled at 3.91s
(index):104 canplaythrough at 3.91s
(index):104 playing at 3.91s
(index):104 pause at 3.91s
(index):104 stalled at 3.91s
(index):104 stalled at 3.91s
(index):104 canplaythrough at 3.91s
(index):104 playing at 3.91s
(index):104 pause at 3.91s
(index):104 playing at 3.91s
(index):104 pause at 3.91s
(index):104 stalled at 3.91s
(index):104 stalled at 3.91s
(index):104 stalled at 3.91s
(index):104 canplaythrough at 3.91s
(index):104 playing at 3.91s
(index):104 waiting at 3.98s
(index):104 canplay at 3.98s
(index):104 playing at 3.98s
(index):104 waiting at 4.17s
(index):104 canplay at 4.17s
(index):104 playing at 4.17s
(index):104 waiting at 4.32s
(index):104 canplay at 4.32s
(index):104 playing at 4.32s
(index):104 waiting at 4.45s
(index):104 stalled at 4.45s
(index):104 pause at 4.45s
(index):104 canplay at 4.45s
(index):104 canplaythrough at 4.45s
(index):104 playing at 4.45s
(index):104 waiting at 4.60s
(index):104 pause at 4.60s
(index):104 canplay at 4.60s
(index):104 canplaythrough at 4.60s
(index):104 playing at 4.60s
(index):104 waiting at 4.66s
(index):104 canplay at 4.66s
(index):104 playing at 4.66s
(index):104 canplaythrough at 4.66s
(index):104 waiting at 4.85s
(index):104 canplay at 4.85s
(index):104 playing at 4.86s
(index):104 canplaythrough at 4.86s
(index):104 pause at 5.06s
