(index):104 canplay at 0.00s
(index):104 canplaythrough at 0.00s
(index):104 waiting at 0.00s
(index):104 canplay at 0.00s
(index):104 playing at 0.00s
(index):104 waiting at 0.05s
(index):104 canplay at 0.05s
(index):104 playing at 0.05s
(index):104 waiting at 0.19s
(index):104 canplay at 0.19s
(index):104 playing at 0.19s
(index):104 waiting at 0.38s
(index):104 canplay at 0.38s
(index):104 playing at 0.38s
(index):104 waiting at 0.51s
(index):104 canplay at 0.51s
(index):104 playing at 0.51s
(index):104 waiting at 0.73s
(index):104 canplay at 0.73s
(index):104 playing at 0.73s
(index):104 waiting at 1.00s
(index):104 canplay at 1.00s
(index):104 playing at 1.00s
(index):104 waiting at 1.21s
(index):104 canplay at 1.21s
(index):104 playing at 1.21s
(index):104 waiting at 1.33s
(index):104 canplay at 1.33s
(index):104 playing at 1.33s
(index):104 waiting at 1.54s
(index):104 canplay at 1.54s
(index):104 playing at 1.54s
(index):104 waiting at 1.73s
(index):104 canplay at 1.73s
(index):104 playing at 1.73s
(index):104 waiting at 1.87s
(index):104 canplay at 1.87s
(index):104 playing at 1.87s
(index):104 waiting at 2.07s
(index):104 canplay at 2.07s
(index):104 playing at 2.07s
(index):104 waiting at 2.29s
(index):104 canplay at 2.29s
(index):104 playing at 2.29s
(index):104 waiting at 2.42s
(index):104 canplay at 2.43s
(index):104 playing at 2.43s
(index):104 waiting at 2.56s
(index):104 canplay at 2.56s
(index):104 playing at 2.56s
(index):104 waiting at 2.68s
(index):104 canplay at 2.68s
(index):104 playing at 2.68s
(index):104 waiting at 2.90s
(index):104 canplay at 2.90s
(index):104 playing at 2.90s
(index):104 waiting at 3.08s
(index):104 canplay at 3.08s
(index):104 playing at 3.08s
(index):104 pause at 3.14s
(index):104 playing at 3.15s
(index):104 waiting at 3.44s
(index):104 canplay at 3.44s
(index):104 playing at 3.44s
(index):104 waiting at 3.63s
(index):104 pause at 3.63s
(index):104 canplay at 3.63s
(index):104 canplaythrough at 3.63s
(index):104 playing at 3.63s
(index):104 waiting at 3.71s
(index):104 canplay at 3.71s
(index):104 playing at 3.71s
(index):104 canplaythrough at 3.71s
(index):104 waiting at 3.91s
(index):104 canplay at 3.91s
(index):104 playing at 3.91s
(index):104 canplaythrough at 3.91s
(index):104 waiting at 4.03s
(index):104 canplay at 4.03s
(index):104 playing at 4.03s
(index):104 canplaythrough at 4.03s
(index):104 waiting at 4.18s
(index):104 canplay at 4.18s
(index):104 playing at 4.18s
(index):104 canplaythrough at 4.18s
(index):104 pause at 4.22s
(index):104 playing at 4.23s
(index):104 waiting at 4.32s
(index):104 canplay at 4.32s
(index):104 playing at 4.33s
(index):104 canplaythrough at 4.33s
(index):104 waiting at 4.45s
(index):104 canplay at 4.46s
(index):104 playing at 4.46s
(index):104 canplaythrough at 4.46s
(index):104 waiting at 4.60s
(index):104 canplay at 4.60s
(index):104 playing at 4.60s
(index):104 canplaythrough at 4.60s
(index):104 waiting at 4.72s
(index):104 canplay at 4.72s
(index):104 playing at 4.72s
(index):104 canplaythrough at 4.72s
(index):104 waiting at 4.86s
(index):104 canplay at 4.86s
(index):104 playing at 4.86s
(index):104 canplaythrough at 4.86s
(index):104 pause at 5.06s
