(index):104 canplay at 0.00s
(index):104 canplaythrough at 0.00s
(index):104 waiting at 0.00s
(index):104 canplay at 0.01s
(index):104 playing at 0.01s
(index):104 canplaythrough at 0.01s
(index):104 waiting at 0.06s
(index):104 canplay at 0.06s
(index):104 playing at 0.06s
(index):104 canplaythrough at 0.06s
(index):104 waiting at 0.25s
(index):104 canplay at 0.25s
(index):104 playing at 0.25s
(index):104 canplaythrough at 0.25s
(index):104 waiting at 0.52s
(index):104 canplay at 0.52s
(index):104 playing at 0.52s
(index):104 canplaythrough at 0.52s
(index):104 waiting at 0.65s
(index):104 canplay at 0.65s
(index):104 playing at 0.65s
(index):104 canplaythrough at 0.65s
(index):104 waiting at 0.78s
(index):104 canplay at 0.78s
(index):104 playing at 0.78s
(index):104 canplaythrough at 0.78s
(index):104 waiting at 1.06s
(index):104 canplay at 1.07s
(index):104 playing at 1.07s
(index):104 canplaythrough at 1.07s
(index):104 waiting at 1.20s
(index):104 canplay at 1.20s
(index):104 playing at 1.20s
(index):104 canplaythrough at 1.20s
(index):104 waiting at 1.34s
(index):104 canplay at 1.34s
(index):104 playing at 1.34s
(index):104 canplaythrough at 1.34s
(index):104 waiting at 1.47s
(index):104 canplay at 1.47s
(index):104 playing at 1.47s
(index):104 canplaythrough at 1.47s
(index):104 waiting at 1.60s
(index):104 canplay at 1.60s
(index):104 playing at 1.61s
(index):104 canplaythrough at 1.61s
(index):104 waiting at 1.74s
(index):104 canplay at 1.74s
(index):104 playing at 1.74s
(index):104 canplaythrough at 1.74s
(index):104 waiting at 1.87s
(index):104 canplay at 1.87s
(index):104 playing at 1.87s
(index):104 canplaythrough at 1.87s
(index):104 waiting at 2.15s
(index):104 canplay at 2.15s
(index):104 playing at 2.15s
(index):104 canplaythrough at 2.15s
(index):104 waiting at 2.42s
(index):104 canplay at 2.42s
(index):104 playing at 2.42s
(index):104 canplaythrough at 2.42s
(index):104 waiting at 2.56s
(index):104 canplay at 2.56s
(index):104 playing at 2.56s
(index):104 canplaythrough at 2.56s
(index):104 waiting at 2.68s
(index):104 canplay at 2.68s
(index):104 playing at 2.68s
(index):104 canplaythrough at 2.68s
(index):104 waiting at 2.88s
(index):104 canplay at 2.89s
(index):104 playing at 2.89s
(index):104 canplaythrough at 2.89s
(index):104 waiting at 3.09s
(index):104 canplay at 3.09s
(index):104 playing at 3.09s
(index):104 canplaythrough at 3.09s
(index):104 waiting at 3.24s
(index):104 canplay at 3.24s
(index):104 playing at 3.24s
(index):104 canplaythrough at 3.24s
(index):104 waiting at 3.44s
(index):104 canplay at 3.44s
(index):104 playing at 3.44s
(index):104 canplaythrough at 3.44s
(index):104 waiting at 3.64s
(index):104 canplay at 3.64s
(index):104 playing at 3.64s
(index):104 canplaythrough at 3.64s
(index):104 waiting at 3.77s
(index):104 canplay at 3.77s
(index):104 playing at 3.77s
(index):104 canplaythrough at 3.77s
(index):104 waiting at 4.04s
(index):104 canplay at 4.04s
(index):104 playing at 4.04s
(index):104 canplaythrough at 4.04s
(index):104 waiting at 4.24s
(index):104 canplay at 4.24s
(index):104 playing at 4.25s
(index):104 canplaythrough at 4.25s
(index):104 waiting at 4.60s
(index):104 canplay at 4.60s
(index):104 playing at 4.60s
(index):104 canplaythrough at 4.60s
(index):104 waiting at 4.72s
(index):104 canplay at 4.72s
(index):104 playing at 4.72s
(index):104 canplaythrough at 4.72s
(index):104 waiting at 4.86s
(index):104 canplay at 4.86s
(index):104 playing at 4.86s
(index):104 canplaythrough at 4.86s
(index):104 pause at 5.06s
