(index):104 canplay at 0.00s
(index):104 canplaythrough at 0.00s
(index):104 waiting at 0.00s
(index):104 pause at 0.00s
(index):1 Uncaught (in promise) AbortError: The play() request was interrupted because video-only background media was paused to save power. https://goo.gl/LdLk22
(index):104 canplay at 0.00s
(index):104 canplaythrough at 0.00s
(index):104 playing at 0.00s
(index):104 waiting at 0.06s
(index):104 canplay at 0.06s
(index):104 playing at 0.06s
(index):104 waiting at 0.25s
(index):104 canplay at 0.25s
(index):104 playing at 0.25s
(index):104 waiting at 0.38s
(index):104 canplay at 0.38s
(index):104 playing at 0.38s
(index):104 waiting at 0.52s
(index):104 canplay at 0.52s
(index):104 playing at 0.52s
(index):104 waiting at 0.65s
(index):104 pause at 0.65s
(index):104 stalled at 0.65s
(index):104 canplay at 0.65s
(index):104 canplaythrough at 0.65s
(index):104 playing at 0.65s
(index):104 pause at 0.65s
(index):104 playing at 0.66s
(index):104 waiting at 0.80s
(index):104 canplay at 0.80s
(index):104 playing at 0.80s
(index):104 canplaythrough at 0.80s
(index):104 waiting at 0.91s
(index):104 canplay at 0.91s
(index):104 playing at 0.91s
(index):104 canplaythrough at 0.91s
(index):104 waiting at 1.07s
(index):104 canplay at 1.07s
(index):104 playing at 1.07s
(index):104 canplaythrough at 1.07s
(index):104 waiting at 1.33s
(index):104 canplay at 1.33s
(index):104 playing at 1.34s
(index):104 canplaythrough at 1.34s
(index):104 waiting at 1.53s
(index):104 canplay at 1.53s
(index):104 playing at 1.53s
(index):104 canplaythrough at 1.53s
(index):104 waiting at 1.74s
(index):104 canplay at 1.74s
(index):104 playing at 1.74s
(index):104 canplaythrough at 1.74s
(index):104 waiting at 1.87s
(index):104 canplay at 1.87s
(index):104 playing at 1.87s
(index):104 canplaythrough at 1.87s
(index):104 waiting at 2.14s
(index):104 canplay at 2.14s
(index):104 playing at 2.15s
(index):104 canplaythrough at 2.15s
(index):104 waiting at 2.42s
(index):104 canplay at 2.42s
(index):104 playing at 2.42s
(index):104 canplaythrough at 2.42s
(index):104 waiting at 2.69s
(index):104 canplay at 2.69s
(index):104 playing at 2.69s
(index):104 canplaythrough at 2.69s
(index):104 waiting at 2.81s
(index):104 canplay at 2.81s
(index):104 playing at 2.81s
(index):104 canplaythrough at 2.81s
(index):104 waiting at 2.95s
(index):104 canplay at 2.95s
(index):104 playing at 2.95s
(index):104 canplaythrough at 2.95s
(index):104 waiting at 3.24s
(index):104 canplay at 3.24s
(index):104 playing at 3.24s
(index):104 canplaythrough at 3.24s
(index):104 waiting at 3.37s
(index):104 canplay at 3.37s
(index):104 playing at 3.37s
(index):104 canplaythrough at 3.37s
(index):104 waiting at 3.49s
(index):104 canplay at 3.49s
(index):104 playing at 3.49s
(index):104 canplaythrough at 3.49s
(index):104 waiting at 3.63s
(index):104 canplay at 3.63s
(index):104 playing at 3.63s
(index):104 canplaythrough at 3.63s
(index):104 waiting at 3.77s
(index):104 canplay at 3.77s
(index):104 playing at 3.77s
(index):104 canplaythrough at 3.77s
(index):104 waiting at 3.97s
(index):104 canplay at 3.97s
(index):104 playing at 3.97s
(index):104 canplaythrough at 3.97s
(index):104 waiting at 4.17s
(index):104 canplay at 4.17s
(index):104 playing at 4.17s
(index):104 canplaythrough at 4.17s
(index):104 waiting at 4.32s
(index):104 canplay at 4.32s
(index):104 playing at 4.32s
(index):104 canplaythrough at 4.32s
(index):104 waiting at 4.45s
(index):104 canplay at 4.45s
(index):104 playing at 4.45s
(index):104 canplaythrough at 4.45s
(index):104 waiting at 4.59s
(index):104 canplay at 4.59s
(index):104 playing at 4.59s
(index):104 canplaythrough at 4.59s
(index):104 waiting at 4.79s
(index):104 canplay at 4.79s
(index):104 playing at 4.79s
(index):104 canplaythrough at 4.79s
(index):104 pause at 5.06s
