(index):104 waiting at 0.00s
(index):104 canplay at 0.00s
(index):104 playing at 0.00s
(index):104 waiting at 0.24s
(index):104 canplay at 0.24s
(index):104 playing at 0.24s
(index):104 waiting at 0.47s
(index):104 canplay at 0.47s
(index):104 playing at 0.47s
(index):104 waiting at 1.00s
(index):104 canplay at 1.00s
(index):104 playing at 1.00s
(index):104 waiting at 1.28s
(index):104 canplay at 1.29s
(index):104 playing at 1.29s
(index):104 waiting at 1.56s
(index):104 canplay at 1.56s
(index):104 playing at 1.56s
(index):104 waiting at 2.08s
(index):104 canplay at 2.08s
(index):104 playing at 2.08s
(index):104 waiting at 2.37s
(index):104 canplay at 2.37s
(index):104 playing at 2.37s
(index):104 waiting at 3.16s
(index):104 canplay at 3.16s
(index):104 playing at 3.16s
(index):104 waiting at 3.46s
(index):104 canplay at 3.46s
(index):104 playing at 3.46s
(index):104 waiting at 3.72s
(index):104 canplay at 3.72s
(index):104 playing at 3.72s
(index):104 waiting at 4.25s
(index):104 canplay at 4.25s
(index):104 playing at 4.25s
(index):104 canplaythrough at 4.25s
(index):104 waiting at 4.47s
(index):104 canplay at 4.47s
(index):104 playing at 4.47s
(index):104 canplaythrough at 4.47s
(index):104 pause at 5.06s
