(index):104 canplay at 0.00s
(index):104 canplaythrough at 0.00s
(index):104 waiting at 0.00s
(index):104 canplay at 0.00s
(index):104 playing at 0.00s
(index):104 waiting at 1.00s
(index):104 canplay at 1.00s
(index):104 playing at 1.00s
(index):104 waiting at 2.09s
(index):104 canplay at 2.09s
(index):104 playing at 2.09s
(index):104 waiting at 3.17s
(index):104 canplay at 3.17s
(index):104 playing at 3.17s
(index):104 canplaythrough at 3.17s
(index):104 waiting at 4.25s
(index):104 canplay at 4.25s
(index):104 playing at 4.25s
(index):104 canplaythrough at 4.25s
(index):104 pause at 5.06s
