(index):104 waiting at 0.00s
(index):104 canplay at 0.00s
(index):104 playing at 0.00s
:8123/favicon.ico:1  GET http://localhost:8123/favicon.ico 404 (Not Found)
(index):104 canplaythrough at 4.27s
(index):104 waiting at 15.07s
(index):104 canplay at 15.13s
(index):104 playing at 15.13s
(index):104 waiting at 16.06s
(index):104 canplay at 16.09s
(index):104 playing at 16.09s
(index):104 waiting at 17.83s
(index):104 canplay at 17.88s
(index):104 playing at 17.88s
(index):104 waiting at 20.58s
(index):104 canplay at 20.64s
(index):104 playing at 20.64s
(index):104 waiting at 24.70s
(index):104 canplay at 24.75s
(index):104 playing at 24.75s
(index):104 waiting at 28.84s
(index):104 canplay at 28.89s
(index):104 playing at 28.89s
(index):104 waiting at 32.95s
(index):104 canplay at 33.01s
(index):104 playing at 33.01s
(index):104 waiting at 37.08s
(index):104 canplay at 37.13s
(index):104 playing at 37.13s
(index):104 waiting at 42.62s
(index):104 canplay at 42.67s
(index):104 playing at 42.67s
(index):104 waiting at 46.29s
(index):104 canplay at 46.34s
(index):104 playing at 46.34s
(index):104 waiting at 49.45s
(index):104 canplay at 49.50s
(index):104 playing at 49.50s
(index):104 waiting at 53.58s
(index):104 canplay at 53.64s
(index):104 playing at 53.64s
(index):104 waiting at 57.04s
(index):104 canplay at 57.10s
(index):104 playing at 57.10s
(index):104 waiting at 60.45s
(index):104 canplay at 60.51s
(index):104 playing at 60.51s
(index):104 waiting at 64.57s
(index):104 canplay at 64.63s
(index):104 playing at 64.63s
(index):104 waiting at 68.71s
(index):104 canplay at 68.76s
(index):104 playing at 68.76s
(index):104 waiting at 72.83s
(index):104 canplay at 72.88s
(index):104 playing at 72.88s
(index):104 waiting at 76.97s
(index):104 canplay at 77.02s
(index):104 playing at 77.02s
(index):104 waiting at 81.09s
(index):104 canplay at 81.14s
(index):104 playing at 81.14s
(index):104 waiting at 85.20s
(index):104 canplay at 85.26s
(index):104 playing at 85.26s
(index):104 waiting at 89.34s
(index):104 canplay at 89.39s
(index):104 playing at 89.39s
(index):104 waiting at 93.47s
(index):104 canplay at 93.51s
(index):104 playing at 93.51s
(index):104 canplaythrough at 93.51s
(index):104 pause at 110.19s
