(index):104 canplay at 0.00s
(index):104 canplaythrough at 0.00s
(index):104 canplaythrough at 0.00s
(index):104 waiting at 0.00s
(index):104 canplay at 0.00s
(index):104 playing at 0.00s
(index):104 canplaythrough at 0.62s
favicon.ico:1  GET http://localhost:8123/favicon.ico 404 (Not Found)
(index):104 waiting at 30.23s
(index):104 canplay at 30.30s
(index):104 playing at 30.30s
(index):104 waiting at 30.90s
(index):104 canplay at 30.96s
(index):104 playing at 30.96s
(index):104 waiting at 32.94s
(index):104 canplay at 33.01s
(index):104 playing at 33.01s
(index):104 waiting at 35.74s
(index):104 canplay at 35.80s
(index):104 playing at 35.80s
(index):104 waiting at 46.02s
(index):104 canplay at 46.09s
(index):104 playing at 46.09s
(index):104 waiting at 50.86s
(index):104 canplay at 50.93s
(index):104 playing at 50.93s
(index):104 waiting at 57.03s
(index):104 canplay at 57.09s
(index):104 playing at 57.10s
(index):104 waiting at 60.49s
(index):104 canplay at 60.55s
(index):104 playing at 60.55s
(index):104 waiting at 71.50s
(index):104 canplay at 71.56s
(index):104 playing at 71.56s
(index):104 waiting at 78.33s
(index):104 canplay at 78.39s
(index):104 playing at 78.39s
(index):104 waiting at 82.49s
(index):104 canplay at 82.55s
(index):104 playing at 82.55s
(index):104 canplaythrough at 82.55s
(index):104 waiting at 89.34s
(index):104 canplay at 89.39s
(index):104 playing at 89.39s
(index):104 canplaythrough at 89.39s
(index):104 waiting at 94.86s
(index):104 canplay at 94.92s
(index):104 playing at 94.92s
(index):104 canplaythrough at 94.92s
(index):104 pause at 110.19s
