(index):104 waiting at 0.00s
(index):104 pause at 0.00s
(index):1 Uncaught (in promise) AbortError: The play() request was interrupted because video-only background media was paused to save power. https://goo.gl/LdLk22
(index):104 canplay at 0.00s
(index):104 canplaythrough at 0.00s
(index):104 playing at 0.00s
(index):104 waiting at 1.00s
(index):104 stalled at 1.00s
(index):104 canplay at 1.00s
(index):104 playing at 1.00s
(index):104 waiting at 1.15s
(index):104 canplay at 1.15s
(index):104 playing at 1.15s
(index):104 waiting at 1.29s
(index):104 canplay at 1.29s
(index):104 playing at 1.29s
(index):104 waiting at 1.43s
(index):104 canplay at 1.43s
(index):104 playing at 1.43s
(index):104 waiting at 1.55s
(index):104 pause at 1.55s
(index):104 canplay at 1.55s
(index):104 playing at 1.55s
(index):104 waiting at 1.83s
(index):104 pause at 1.83s
(index):104 canplay at 1.83s
(index):104 canplaythrough at 1.83s
(index):104 playing at 1.83s
(index):104 pause at 1.83s
(index):104 stalled at 1.83s
(index):104 stalled at 1.83s
(index):104 playing at 1.83s
(index):104 pause at 1.83s
(index):104 stalled at 1.83s
(index):104 stalled at 1.83s
(index):104 canplaythrough at 1.83s
(index):104 playing at 1.83s
(index):104 pause at 1.83s
(index):104 stalled at 1.83s
(index):104 canplaythrough at 1.83s
(index):104 playing at 1.83s
(index):104 pause at 1.83s
(index):104 canplaythrough at 1.83s
(index):104 playing at 1.83s
(index):104 pause at 1.83s
(index):104 stalled at 1.83s
(index):104 stalled at 1.83s
(index):104 canplaythrough at 1.83s
(index):104 playing at 1.83s
(index):104 waiting at 1.90s
(index):104 canplay at 1.90s
(index):104 playing at 1.90s
(index):104 waiting at 2.09s
(index):104 pause at 2.09s
(index):104 stalled at 2.09s
(index):104 canplay at 2.09s
(index):104 stalled at 2.09s
(index):104 stalled at 2.09s
(index):104 canplaythrough at 2.09s
(index):104 playing at 2.09s
(index):104 pause at 2.09s
(index):104 stalled at 2.09s
(index):104 stalled at 2.09s
(index):104 playing at 2.09s
(index):104 pause at 2.09s
(index):104 stalled at 2.09s
(index):104 stalled at 2.09s
(index):104 canplaythrough at 2.09s
(index):104 playing at 2.09s
(index):104 pause at 2.09s
(index):104 playing at 2.09s
(index):104 waiting at 2.11s
(index):104 pause at 2.11s
(index):104 stalled at 2.11s
(index):104 canplay at 2.11s
(index):104 stalled at 2.11s
(index):104 stalled at 2.11s
(index):104 stalled at 2.11s
(index):104 canplaythrough at 2.11s
(index):104 playing at 2.11s
(index):104 pause at 2.11s
(index):104 stalled at 2.11s
(index):104 playing at 2.11s
(index):104 stalled at 2.11s
(index):104 stalled at 2.11s
(index):104 stalled at 2.11s
(index):104 waiting at 2.17s
(index):104 canplay at 2.17s
(index):104 playing at 2.17s
(index):104 waiting at 2.25s
(index):104 canplay at 2.25s
(index):104 playing at 2.25s
(index):104 waiting at 2.38s
(index):104 stalled at 2.38s
(index):104 canplay at 2.38s
(index):104 playing at 2.38s
(index):104 waiting at 2.51s
(index):104 canplay at 2.51s
(index):104 playing at 2.51s
(index):104 waiting at 2.66s
(index):104 pause at 2.66s
(index):104 stalled at 2.66s
(index):104 canplay at 2.66s
(index):104 stalled at 2.66s
(index):104 stalled at 2.66s
(index):104 canplaythrough at 2.66s
(index):104 playing at 2.66s
(index):104 pause at 2.66s
(index):104 playing at 2.66s
(index):104 pause at 3.13s
(index):104 playing at 3.14s
(index):104 waiting at 3.26s
(index):104 canplay at 3.26s
(index):104 playing at 3.27s
(index):104 waiting at 3.51s
(index):104 canplay at 3.51s
(index):104 playing at 3.51s
(index):104 pause at 3.62s
(index):104 canplaythrough at 3.62s
(index):104 playing at 3.62s
(index):104 pause at 3.62s
(index):104 stalled at 3.62s
(index):104 stalled at 3.62s
(index):104 playing at 3.62s
(index):104 waiting at 3.65s
(index):104 canplay at 3.65s
(index):104 playing at 3.65s
(index):104 waiting at 3.73s
(index):104 pause at 3.73s
(index):104 stalled at 3.73s
(index):104 canplay at 3.73s
(index):104 stalled at 3.73s
(index):104 stalled at 3.73s
(index):104 canplaythrough at 3.73s
(index):104 playing at 3.73s
(index):104 waiting at 3.77s
(index):104 canplay at 3.78s
(index):104 playing at 3.78s
(index):104 waiting at 4.27s
(index):104 pause at 4.27s
(index):104 stalled at 4.27s
(index):104 canplay at 4.27s
(index):104 canplaythrough at 4.27s
(index):104 playing at 4.27s
(index):104 pause at 4.27s
(index):104 playing at 4.27s
(index):104 pause at 4.27s
(index):104 stalled at 4.27s
(index):104 stalled at 4.27s
(index):104 playing at 4.27s
(index):104 pause at 4.27s
(index):104 stalled at 4.27s
(index):104 stalled at 4.27s
(index):104 stalled at 4.27s
(index):104 playing at 4.27s
(index):104 pause at 4.27s
(index):104 stalled at 4.27s
(index):104 stalled at 4.27s
(index):104 playing at 4.27s
(index):104 pause at 4.27s
(index):104 stalled at 4.27s
(index):104 stalled at 4.27s
(index):104 playing at 4.27s
(index):104 pause at 4.27s
(index):104 stalled at 4.27s
(index):104 stalled at 4.27s
(index):104 stalled at 4.27s
(index):104 playing at 4.27s
(index):104 pause at 4.27s
(index):104 playing at 4.27s
(index):104 pause at 4.27s
(index):104 stalled at 4.27s
(index):104 stalled at 4.27s
(index):104 stalled at 4.27s
(index):104 playing at 4.27s
