(index):104 canplay at 0.00s
(index):104 canplaythrough at 0.00s
(index):104 waiting at 0.00s
(index):104 canplay at 0.00s
(index):104 playing at 0.00s
(index):104 waiting at 0.26s
(index):104 canplay at 0.26s
(index):104 playing at 0.26s
(index):104 waiting at 0.79s
(index):104 canplay at 0.79s
(index):104 playing at 0.79s
(index):104 waiting at 1.06s
(index):104 canplay at 1.06s
(index):104 playing at 1.06s
(index):104 waiting at 2.10s
(index):104 canplay at 2.10s
(index):104 playing at 2.10s
(index):104 waiting at 2.37s
(index):104 canplay at 2.38s
(index):104 playing at 2.38s
(index):104 waiting at 3.19s
(index):104 canplay at 3.19s
(index):104 playing at 3.20s
(index):104 waiting at 3.50s
(index):104 canplay at 3.50s
(index):104 playing at 3.50s
(index):104 waiting at 3.77s
(index):104 canplay at 3.77s
(index):104 playing at 3.77s
(index):104 waiting at 4.27s
(index):104 canplay at 4.27s
(index):104 playing at 4.27s
(index):104 canplaythrough at 4.27s
(index):104 pause at 5.06s
