(index):104 canplay at 0.00s
(index):104 canplaythrough at 0.00s
(index):104 waiting at 0.00s
(index):104 canplay at 0.00s
(index):104 playing at 0.00s
(index):104 waiting at 0.07s
(index):104 canplay at 0.07s
(index):104 playing at 0.07s
(index):104 waiting at 0.19s
(index):104 canplay at 0.19s
(index):104 playing at 0.19s
(index):104 waiting at 0.46s
(index):104 canplay at 0.46s
(index):104 playing at 0.46s
(index):104 waiting at 0.75s
(index):104 canplay at 0.75s
(index):104 playing at 0.75s
(index):104 waiting at 1.01s
(index):104 canplay at 1.01s
(index):104 playing at 1.01s
(index):104 waiting at 1.29s
(index):104 canplay at 1.29s
(index):104 playing at 1.29s
(index):104 waiting at 1.55s
(index):104 canplay at 1.55s
(index):104 playing at 1.55s
(index):104 waiting at 1.81s
(index):104 canplay at 1.81s
(index):104 playing at 1.81s
(index):104 waiting at 2.07s
(index):104 canplay at 2.07s
(index):104 playing at 2.07s
(index):104 waiting at 2.24s
(index):104 canplay at 2.24s
(index):104 playing at 2.24s
(index):104 waiting at 2.37s
(index):104 canplay at 2.37s
(index):104 playing at 2.37s
(index):104 waiting at 2.56s
(index):104 canplay at 2.56s
(index):104 playing at 2.56s
(index):104 waiting at 2.90s
(index):104 canplay at 2.90s
(index):104 playing at 2.90s
(index):104 waiting at 3.16s
(index):104 canplay at 3.16s
(index):104 playing at 3.16s
(index):104 waiting at 3.30s
(index):104 canplay at 3.30s
(index):104 playing at 3.30s
(index):104 waiting at 3.45s
(index):104 canplay at 3.45s
(index):104 playing at 3.45s
(index):104 waiting at 3.59s
(index):104 canplay at 3.59s
(index):104 playing at 3.59s
(index):104 waiting at 3.73s
(index):104 canplay at 3.73s
(index):104 playing at 3.73s
(index):104 waiting at 3.86s
(index):104 canplay at 3.86s
(index):104 playing at 3.86s
(index):104 waiting at 3.99s
(index):104 canplay at 3.99s
(index):104 playing at 3.99s
(index):104 waiting at 4.13s
(index):104 canplay at 4.13s
(index):104 playing at 4.13s
(index):104 waiting at 4.26s
(index):104 canplay at 4.26s
(index):104 playing at 4.26s
(index):104 waiting at 4.41s
(index):104 canplay at 4.41s
(index):104 playing at 4.41s
(index):104 waiting at 4.55s
(index):104 canplay at 4.55s
(index):104 playing at 4.55s
(index):104 waiting at 4.67s
(index):104 canplay at 4.67s
(index):104 playing at 4.67s
(index):104 waiting at 4.80s
(index):104 canplay at 4.80s
(index):104 playing at 4.81s
(index):104 canplaythrough at 4.81s
(index):104 pause at 5.06s
