(index):104 canplay at 0.00s
(index):104 canplaythrough at 0.00s
(index):104 waiting at 0.00s
(index):104 canplay at 0.00s
(index):104 playing at 0.00s
favicon.ico:1  GET http://localhost:8123/favicon.ico 404 (Not Found)
(index):104 canplaythrough at 0.80s
(index):104 waiting at 79.79s
(index):104 canplay at 79.81s
(index):104 playing at 79.81s
(index):104 canplaythrough at 79.81s
(index):104 waiting at 81.12s
(index):104 canplay at 81.17s
(index):104 playing at 81.17s
(index):104 canplaythrough at 81.17s
(index):104 waiting at 91.57s
(index):104 canplay at 91.63s
(index):104 playing at 91.63s
(index):104 canplaythrough at 91.63s
(index):104 waiting at 96.59s
(index):104 canplay at 96.64s
(index):104 playing at 96.64s
(index):104 canplaythrough at 96.64s
(index):104 waiting at 105.86s
(index):104 canplay at 105.92s
(index):104 playing at 105.92s
(index):104 canplaythrough at 105.92s
(index):104 pause at 245.25s
