(index):104 canplay at 0.00s
(index):104 canplaythrough at 0.00s
(index):104 canplaythrough at 0.00s
(index):104 waiting at 0.00s
(index):104 canplay at 0.00s
(index):104 playing at 0.00s
(index):104 waiting at 0.38s
favicon.ico:1  GET http://localhost:8123/favicon.ico 404 (Not Found)
(index):104 canplay at 0.38s
(index):104 playing at 0.38s
(index):104 waiting at 1.09s
(index):104 canplay at 1.13s
(index):104 playing at 1.13s
(index):104 waiting at 2.22s
(index):104 canplay at 2.26s
(index):104 playing at 2.26s
(index):104 waiting at 4.14s
(index):104 canplay at 4.18s
(index):104 playing at 4.18s
(index):104 waiting at 8.20s
(index):104 canplay at 8.26s
(index):104 playing at 8.26s
(index):104 waiting at 12.34s
(index):104 canplay at 12.39s
(index):104 playing at 12.40s
(index):104 waiting at 16.29s
(index):104 canplay at 16.34s
(index):104 playing at 16.34s
(index):104 waiting at 20.25s
(index):104 canplay at 20.31s
(index):104 playing at 20.31s
(index):104 waiting at 24.03s
(index):104 canplay at 24.09s
(index):104 playing at 24.09s
(index):104 waiting at 34.38s
(index):104 canplay at 34.43s
(index):104 playing at 34.43s
(index):104 waiting at 41.25s
(index):104 canplay at 41.30s
(index):104 playing at 41.30s
(index):104 waiting at 49.46s
(index):104 canplay at 49.51s
(index):104 playing at 49.51s
(index):104 waiting at 54.96s
(index):104 canplay at 55.02s
(index):104 playing at 55.02s
(index):104 waiting at 60.49s
(index):104 canplay at 60.54s
(index):104 playing at 60.54s
(index):104 waiting at 65.12s
(index):104 canplay at 65.17s
(index):104 playing at 65.17s
(index):104 waiting at 68.62s
(index):104 canplay at 68.67s
(index):104 playing at 68.67s
(index):104 waiting at 71.99s
(index):104 canplay at 72.04s
(index):104 playing at 72.04s
(index):104 canplaythrough at 142.04s
(index):104 pause at 245.25s
